This is pdfTeX, Version 3.1415926-2.5-1.40.14 (MiKTeX 2.9) (preloaded format=pdflatex 2015.7.12)  17 AUG 2015 12:21
entering extended mode
**C:/Users/Iain/Dropbox/Research/My*Papers/Wiki*Paper/Paper/MERpaper.tex
("C:/Users/Iain/Dropbox/Research/My Papers/Wiki Paper/Paper/MERpaper.tex"
LaTeX2e <2011/06/27>
Babel <v3.8m> and hyphenation patterns for english, afrikaans, ancientgreek, ar
abic, armenian, assamese, basque, bengali, bokmal, bulgarian, catalan, coptic, 
croatian, czech, danish, dutch, esperanto, estonian, farsi, finnish, french, ga
lician, german, german-x-2013-05-26, greek, gujarati, hindi, hungarian, iceland
ic, indonesian, interlingua, irish, italian, kannada, kurmanji, latin, latvian,
 lithuanian, malayalam, marathi, mongolian, mongolianlmc, monogreek, ngerman, n
german-x-2013-05-26, nynorsk, oriya, panjabi, pinyin, polish, portuguese, roman
ian, russian, sanskrit, serbian, slovak, slovenian, spanish, swedish, swissgerm
an, tamil, telugu, turkish, turkmen, ukenglish, ukrainian, uppersorbian, usengl
ishmax, welsh, loaded.
("C:\Users\Iain\Dropbox\Research\My Papers\Wiki Paper\Paper\primus.cls"
Document Class: primus 2008/04/02
("C:\Program Files (x86)\MiKTeX 2.9\tex\latex\base\article.cls"
Document Class: article 2007/10/19 v1.4h Standard LaTeX document class
("C:\Program Files (x86)\MiKTeX 2.9\tex\latex\base\size10.clo"
File: size10.clo 2007/10/19 v1.4h Standard LaTeX file (size option)
)
\c@part=\count79
\c@section=\count80
\c@subsection=\count81
\c@subsubsection=\count82
\c@paragraph=\count83
\c@subparagraph=\count84
\c@figure=\count85
\c@table=\count86
\abovecaptionskip=\skip41
\belowcaptionskip=\skip42
\bibindent=\dimen102
))
("C:\Program Files (x86)\MiKTeX 2.9\tex\latex\graphics\graphicx.sty"
Package: graphicx 1999/02/16 v1.0f Enhanced LaTeX Graphics (DPC,SPQR)

("C:\Program Files (x86)\MiKTeX 2.9\tex\latex\graphics\keyval.sty"
Package: keyval 1999/03/16 v1.13 key=value parser (DPC)
\KV@toks@=\toks14
)
("C:\Program Files (x86)\MiKTeX 2.9\tex\latex\graphics\graphics.sty"
Package: graphics 2009/02/05 v1.0o Standard LaTeX Graphics (DPC,SPQR)

("C:\Program Files (x86)\MiKTeX 2.9\tex\latex\graphics\trig.sty"
Package: trig 1999/03/16 v1.09 sin cos tan (DPC)
)
("C:\Program Files (x86)\MiKTeX 2.9\tex\latex\00miktex\graphics.cfg"
File: graphics.cfg 2007/01/18 v1.5 graphics configuration of teTeX/TeXLive
)
Package graphics Info: Driver file: pdftex.def on input line 91.

("C:\Program Files (x86)\MiKTeX 2.9\tex\latex\pdftex-def\pdftex.def"
File: pdftex.def 2011/05/27 v0.06d Graphics/color for pdfTeX

("C:\Program Files (x86)\MiKTeX 2.9\tex\generic\oberdiek\infwarerr.sty"
Package: infwarerr 2010/04/08 v1.3 Providing info/warning/error messages (HO)
)
("C:\Program Files (x86)\MiKTeX 2.9\tex\generic\oberdiek\ltxcmds.sty"
Package: ltxcmds 2011/11/09 v1.22 LaTeX kernel commands for general use (HO)
)
\Gread@gobject=\count87
))
\Gin@req@height=\dimen103
\Gin@req@width=\dimen104
)
("C:\Program Files (x86)\MiKTeX 2.9\tex\latex\float\float.sty"
Package: float 2001/11/08 v1.3d Float enhancements (AL)
\c@float@type=\count88
\float@exts=\toks15
\float@box=\box26
\@float@everytoks=\toks16
\@floatcapt=\box27
)
("C:\Program Files (x86)\MiKTeX 2.9\tex\latex\url\url.sty"
\Urlmuskip=\muskip10
Package: url 2013/09/16  ver 3.4  Verb mode for urls, etc.
)
("C:\Users\Iain\Dropbox\Research\My Papers\Wiki Paper\Paper\MERpaper.aux")
LaTeX Font Info:    Checking defaults for OML/cmm/m/it on input line 15.
LaTeX Font Info:    ... okay on input line 15.
LaTeX Font Info:    Checking defaults for T1/cmr/m/n on input line 15.
LaTeX Font Info:    ... okay on input line 15.
LaTeX Font Info:    Checking defaults for OT1/cmr/m/n on input line 15.
LaTeX Font Info:    ... okay on input line 15.
LaTeX Font Info:    Checking defaults for OMS/cmsy/m/n on input line 15.
LaTeX Font Info:    ... okay on input line 15.
LaTeX Font Info:    Checking defaults for OMX/cmex/m/n on input line 15.
LaTeX Font Info:    ... okay on input line 15.
LaTeX Font Info:    Checking defaults for U/cmr/m/n on input line 15.
LaTeX Font Info:    ... okay on input line 15.

("C:\Program Files (x86)\MiKTeX 2.9\tex\context\base\supp-pdf.mkii"
[Loading MPS to PDF converter (version 2006.09.02).]
\scratchcounter=\count89
\scratchdimen=\dimen105
\scratchbox=\box28
\nofMPsegments=\count90
\nofMParguments=\count91
\everyMPshowfont=\toks17
\MPscratchCnt=\count92
\MPscratchDim=\dimen106
\MPnumerator=\count93
\makeMPintoPDFobject=\count94
\everyMPtoPDFconversion=\toks18
)
Missing character: There is no ‚ in font cmr10!
Missing character: There is no Ä in font cmr10!
Missing character: There is no ô in font cmr10!
Missing character: There is no ‚ in font cmr10!
Missing character: There is no Ä in font cmr10!
Missing character: There is no ô in font cmr10!

Underfull \hbox (badness 10000) in paragraph at lines 27--30

 []

[1

{C:/ProgramData/MiKTeX/2.9/pdftex/config/pdftex.map}]
LaTeX Font Info:    External font `cmex10' loaded for size
(Font)              <7> on input line 40.
LaTeX Font Info:    External font `cmex10' loaded for size
(Font)              <5> on input line 40.
LaTeX Font Info:    External font `cmex10' loaded for size
(Font)              <8> on input line 41.
LaTeX Font Info:    External font `cmex10' loaded for size
(Font)              <6> on input line 41.

Underfull \hbox (badness 10000) in paragraph at lines 32--45

 []


Underfull \hbox (badness 10000) in paragraph at lines 32--45

 []


Underfull \hbox (badness 10000) in paragraph at lines 32--45

 []


Underfull \hbox (badness 10000) in paragraph at lines 32--45

 []


Underfull \hbox (badness 10000) in paragraph at lines 32--45

 []

[2]
Underfull \vbox (badness 10000) has occurred while \output is active []

 [3]
[4]
Underfull \hbox (badness 10000) in paragraph at lines 47--50

 []

Missing character: There is no ‚ in font cmr10!
Missing character: There is no Ä in font cmr10!
Missing character: There is no ô in font cmr10!
<figs/Question_Page.png, id=22, 1242.6425pt x 812.03375pt>
File: figs/Question_Page.png Graphic file (type png)

<use figs/Question_Page.png>
Package pdftex.def Info: figs/Question_Page.png used on input line 59.
(pdftex.def)             Requested size: 312.20692pt x 204.01158pt.

Underfull \hbox (badness 10000) in paragraph at lines 52--61

 []


Underfull \hbox (badness 10000) in paragraph at lines 52--61

 []

[5] <figs/Question_Page_annotated.png, id=26, 1242.6425pt x 812.03375pt>
File: figs/Question_Page_annotated.png Graphic file (type png)

<use figs/Question_Page_annotated.png>
Package pdftex.def Info: figs/Question_Page_annotated.png used on input line 64
.
(pdftex.def)             Requested size: 312.20692pt x 204.01158pt.

Underfull \vbox (badness 10000) has occurred while \output is active []

 [6 <C:/Users/Iain/Dropbox/Research/My Papers/Wiki Paper/Paper/figs/Question_Pa
ge.png>]
Missing character: There is no ‚ in font cmr10!
Missing character: There is no Ä in font cmr10!
Missing character: There is no ô in font cmr10!
Missing character: There is no ‚ in font cmr10!
Missing character: There is no Ä in font cmr10!
Missing character: There is no ô in font cmr10!

Underfull \hbox (badness 10000) in paragraph at lines 73--73
[][][]$\OT1/cmtt/m/n/8 http : / / wiki . ubc . ca / Science : Math _ Exam _ Res
ources / Courses / MATH103 / April _$
 []

Missing character: There is no ‚ in font cmr10!
Missing character: There is no Ä in font cmr10!
Missing character: There is no ô in font cmr10!
<figs/Comment_Question.png, id=30, 780.9175pt x 341.275pt>
File: figs/Comment_Question.png Graphic file (type png)

<use figs/Comment_Question.png>
Package pdftex.def Info: figs/Comment_Question.png used on input line 81.
(pdftex.def)             Requested size: 312.20692pt x 136.43988pt.

Underfull \hbox (badness 10000) in paragraph at lines 69--83

 []


Underfull \hbox (badness 10000) in paragraph at lines 69--83

 []


Underfull \hbox (badness 10000) in paragraph at lines 69--83

 []


Underfull \hbox (badness 10000) in paragraph at lines 69--83

 []

[7 <C:/Users/Iain/Dropbox/Research/My Papers/Wiki Paper/Paper/figs/Question_Pag
e_annotated.png>] [8]
<figs/Comment_Error.png, id=39, 776.9025pt x 296.10625pt>
File: figs/Comment_Error.png Graphic file (type png)

<use figs/Comment_Error.png>
Package pdftex.def Info: figs/Comment_Error.png used on input line 86.
(pdftex.def)             Requested size: 312.20692pt x 118.99612pt.

<figs/Comment_Suggestion.png, id=40, 776.9025pt x 304.13625pt>
File: figs/Comment_Suggestion.png Graphic file (type png)

<use figs/Comment_Suggestion.png>
Package pdftex.def Info: figs/Comment_Suggestion.png used on input line 91.
(pdftex.def)             Requested size: 312.20692pt x 122.22314pt.

Underfull \vbox (badness 2856) has occurred while \output is active []

 [9 <C:/Users/Iain/Dropbox/Research/My Papers/Wiki Paper/Paper/figs/Comment_Que
stion.png>]
Missing character: There is no ‚ in font cmr10!
Missing character: There is no Ä in font cmr10!
Missing character: There is no ô in font cmr10!

[10 <C:/Users/Iain/Dropbox/Research/My Papers/Wiki Paper/Paper/figs/Comment_Err
or.png> <C:/Users/Iain/Dropbox/Research/My Papers/Wiki Paper/Paper/figs/Comment
_Suggestion.png>] <figs/Tag_List.png, id=47, 742.775pt x 717.68124pt>
File: figs/Tag_List.png Graphic file (type png)

<use figs/Tag_List.png>
Package pdftex.def Info: figs/Tag_List.png used on input line 103.
(pdftex.def)             Requested size: 312.20692pt x 301.66498pt.

Underfull \vbox (badness 10000) has occurred while \output is active []

 [11]
[12 <C:/Users/Iain/Dropbox/Research/My Papers/Wiki Paper/Paper/figs/Tag_List.pn
g>] <figs/Topics_Page.png, id=55, 637.38126pt x 754.82pt>
File: figs/Topics_Page.png Graphic file (type png)

<use figs/Topics_Page.png>
Package pdftex.def Info: figs/Topics_Page.png used on input line 111.
(pdftex.def)             Requested size: 312.20692pt x 369.72684pt.
Missing character: There is no ‚ in font cmr10!
Missing character: There is no Ä in font cmr10!
Missing character: There is no ú in font cmr10!
Missing character: There is no ‚ in font cmr10!
Missing character: There is no Ä in font cmr10!
Missing character: There is no ù in font cmr10!

Underfull \vbox (badness 10000) has occurred while \output is active []

 [13 <C:/Users/Iain/Dropbox/Research/My Papers/Wiki Paper/Paper/figs/Topics_Pag
e.png>]
[14] <figs/easiness_rating.jpg, id=64, 1157.07281pt x 220.57407pt>
File: figs/easiness_rating.jpg Graphic file (type jpg)

<use figs/easiness_rating.jpg>
Package pdftex.def Info: figs/easiness_rating.jpg used on input line 122.
(pdftex.def)             Requested size: 312.20692pt x 59.5154pt.

<figs/score_compare.png, id=65, 1004.75375pt x 428.60126pt>
File: figs/score_compare.png Graphic file (type png)

<use figs/score_compare.png>
Package pdftex.def Info: figs/score_compare.png used on input line 133.
(pdftex.def)             Requested size: 312.20692pt x 133.17892pt.
 [15 <C:/Users/Iain/Dropbox/Research/My Papers/Wiki Paper/Paper/figs/easiness_r
ating.jpg>]
Underfull \hbox (badness 10000) in paragraph at lines 137--140

 []


Underfull \vbox (badness 2245) has occurred while \output is active []

 [16 <C:/Users/Iain/Dropbox/Research/My Papers/Wiki Paper/Paper/figs/score_comp
are.png>]
<figs/lin_reg.png, id=74, 395.4775pt x 384.43625pt>
File: figs/lin_reg.png Graphic file (type png)
 <use figs/lin_reg.png>
Package pdftex.def Info: figs/lin_reg.png used on input line 143.
(pdftex.def)             Requested size: 312.20692pt x 303.49599pt.
LaTeX Font Info:    External font `cmex10' loaded for size
(Font)              <9> on input line 144.

Underfull \vbox (badness 10000) has occurred while \output is active []

 [17]
Overfull \hbox (5.0514pt too wide) in paragraph at lines 150--150
[]\OT1/cmr/bx/n/10 STUDENT CON-TRI-BU-TIONS AND SUS-TAIN-ABIL-ITY 
 []


Underfull \hbox (badness 10000) in paragraph at lines 151--158

 []


Underfull \hbox (badness 10000) in paragraph at lines 151--158

 []


Underfull \hbox (badness 10000) in paragraph at lines 151--158

 []

[18 <C:/Users/Iain/Dropbox/Research/My Papers/Wiki Paper/Paper/figs/lin_reg.png
>]
Underfull \vbox (badness 10000) has occurred while \output is active []

 [19]
[20]
<figs/total_number_of_clicks_time_series.png, id=95, 1156.32pt x 289.08pt>
File: figs/total_number_of_clicks_time_series.png Graphic file (type png)

<use figs/total_number_of_clicks_time_series.png>
Package pdftex.def Info: figs/total_number_of_clicks_time_series.png used on in
put line 165.
(pdftex.def)             Requested size: 312.20692pt x 78.04822pt.
 [21 <C:/Users/Iain/Dropbox/Research/My Papers/Wiki Paper/Paper/figs/total_numb
er_of_clicks_time_series.png>] <figs/total_pageview_per_exam_101.png, id=100, 8
67.24pt x 216.81pt>
File: figs/total_pageview_per_exam_101.png Graphic file (type png)

<use figs/total_pageview_per_exam_101.png>
Package pdftex.def Info: figs/total_pageview_per_exam_101.png used on input lin
e 174.
(pdftex.def)             Requested size: 312.20692pt x 78.05153pt.
Missing character: There is no ‚ in font cmr10!
Missing character: There is no Ä in font cmr10!
Missing character: There is no ô in font cmr10!

<figs/2013_Term2_delta_t.png, id=101, 722.7pt x 289.08pt>
File: figs/2013_Term2_delta_t.png Graphic file (type png)

<use figs/2013_Term2_delta_t.png>
Package pdftex.def Info: figs/2013_Term2_delta_t.png used on input line 182.
(pdftex.def)             Requested size: 312.20692pt x 124.88422pt.

Underfull \vbox (badness 10000) has occurred while \output is active []

 [22 <C:/Users/Iain/Dropbox/Research/My Papers/Wiki Paper/Paper/figs/total_page
view_per_exam_101.png>]
<figs/question_dist_MATH101April_2008.png, id=106, 867.24pt x 216.81pt>
File: figs/question_dist_MATH101April_2008.png Graphic file (type png)

<use figs/question_dist_MATH101April_2008.png>
Package pdftex.def Info: figs/question_dist_MATH101April_2008.png used on input
 line 190.
(pdftex.def)             Requested size: 312.20692pt x 78.05153pt.

Underfull \vbox (badness 10000) has occurred while \output is active []

 [23 <C:/Users/Iain/Dropbox/Research/My Papers/Wiki Paper/Paper/figs/2013_Term2
_delta_t.png>]
Missing character: There is no ‚ in font cmr10!
Missing character: There is no Ä in font cmr10!
Missing character: There is no ô in font cmr10!

Underfull \hbox (badness 10000) in paragraph at lines 194--194
[][]\OT1/cmr/m/n/8 see $\OT1/cmtt/m/n/8 http : / / wiki . ubc . ca / Science : 
Math _ Exam _ Resources / Courses / MATH101 /$
 []

[24 <C:/Users/Iain/Dropbox/Research/My Papers/Wiki Paper/Paper/figs/question_di
st_MATH101April_2008.png>] [25]
Missing character: There is no ‚ in font cmr10!
Missing character: There is no Ä in font cmr10!
Missing character: There is no ô in font cmr10!
Missing character: There is no ‚ in font cmr10!
Missing character: There is no Ä in font cmr10!
Missing character: There is no ô in font cmr10!
Missing character: There is no ‚ in font cmr10!
Missing character: There is no Ä in font cmr10!
Missing character: There is no ô in font cmr10!

Underfull \hbox (badness 10000) in paragraph at lines 229--234

 []


Underfull \hbox (badness 10000) in paragraph at lines 229--234

 []

[26]
Missing character: There is no ‚ in font cmti10!
Missing character: There is no Ä in font cmti10!
Missing character: There is no ô in font cmti10!
 [27]
Missing character: There is no ‚ in font cmr10!
Missing character: There is no Ä in font cmr10!
Missing character: There is no ô in font cmr10!

Underfull \hbox (badness 10000) in paragraph at lines 253--262

 []


Underfull \hbox (badness 10000) in paragraph at lines 253--262

 []


Underfull \hbox (badness 10000) in paragraph at lines 253--262

 []


Underfull \hbox (badness 10000) in paragraph at lines 253--262

 []

[28]
Underfull \vbox (badness 10000) has occurred while \output is active []

 [29]
Missing character: There is no ‚ in font cmr10!
Missing character: There is no Ä in font cmr10!
Missing character: There is no ô in font cmr10!
Missing character: There is no ‚ in font cmr10!
Missing character: There is no Ä in font cmr10!
Missing character: There is no ô in font cmr10!
Missing character: There is no ‚ in font cmr10!
Missing character: There is no Ä in font cmr10!
Missing character: There is no ô in font cmr10!
Missing character: There is no ‚ in font cmr10!
Missing character: There is no Ä in font cmr10!
Missing character: There is no ô in font cmr10!

Underfull \hbox (badness 10000) in paragraph at lines 298--309

 []


Underfull \hbox (badness 10000) in paragraph at lines 298--309

 []


Underfull \hbox (badness 10000) in paragraph at lines 298--309

 []


Underfull \hbox (badness 10000) in paragraph at lines 298--309

 []


Underfull \hbox (badness 10000) in paragraph at lines 298--309

 []

[30]
Underfull \vbox (badness 10000) has occurred while \output is active []

 [31]
[32] ("C:\Users\Iain\Dropbox\Research\My Papers\Wiki Paper\Paper\MERpaper.aux")
 ) 
Here is how much of TeX's memory you used:
 1398 strings out of 493921
 19928 string characters out of 3144879
 78415 words of memory out of 3000000
 4701 multiletter control sequences out of 15000+200000
 8278 words of font info for 30 fonts, out of 3000000 for 9000
 841 hyphenation exceptions out of 8191
 29i,8n,21p,2317b,244s stack positions out of 5000i,500n,10000p,200000b,50000s
<C:/Program Files (x86)/MiKTeX 2.9/fonts/type1/public/amsfonts/cm/cmbx10.pfb>
<C:/Program Files (x86)/MiKTeX 2.9/fonts/type1/public/amsfonts/cm/cmbx12.pfb><C
:/Program Files (x86)/MiKTeX 2.9/fonts/type1/public/amsfonts/cm/cmbx9.pfb><C:/P
rogram Files (x86)/MiKTeX 2.9/fonts/type1/public/amsfonts/cm/cmmi10.pfb><C:/Pro
gram Files (x86)/MiKTeX 2.9/fonts/type1/public/amsfonts/cm/cmmi9.pfb><C:/Progra
m Files (x86)/MiKTeX 2.9/fonts/type1/public/amsfonts/cm/cmr10.pfb><C:/Program F
iles (x86)/MiKTeX 2.9/fonts/type1/public/amsfonts/cm/cmr6.pfb><C:/Program Files
 (x86)/MiKTeX 2.9/fonts/type1/public/amsfonts/cm/cmr7.pfb><C:/Program Files (x8
6)/MiKTeX 2.9/fonts/type1/public/amsfonts/cm/cmr8.pfb><C:/Program Files (x86)/M
iKTeX 2.9/fonts/type1/public/amsfonts/cm/cmr9.pfb><C:/Program Files (x86)/MiKTe
X 2.9/fonts/type1/public/amsfonts/cm/cmsy10.pfb><C:/Program Files (x86)/MiKTeX 
2.9/fonts/type1/public/amsfonts/cm/cmsy6.pfb><C:/Program Files (x86)/MiKTeX 2.9
/fonts/type1/public/amsfonts/cm/cmsy7.pfb><C:/Program Files (x86)/MiKTeX 2.9/fo
nts/type1/public/amsfonts/cm/cmsy9.pfb><C:/Program Files (x86)/MiKTeX 2.9/fonts
/type1/public/amsfonts/cm/cmti10.pfb><C:/Program Files (x86)/MiKTeX 2.9/fonts/t
ype1/public/amsfonts/cm/cmtt10.pfb><C:/Program Files (x86)/MiKTeX 2.9/fonts/typ
e1/public/amsfonts/cm/cmtt8.pfb>
Output written on MERpaper.pdf (32 pages, 853353 bytes).
PDF statistics:
 194 PDF objects out of 1000 (max. 8388607)
 0 named destinations out of 1000 (max. 500000)
 71 words of extra memory for PDF output out of 10000 (max. 10000000)

